
info: 28.05.2023 22:44:49: Listen port: 5002
info: 28.05.2023 22:44:49: Server running 'http://localhost:5002'
info: 28.05.2023 22:44:49: Swagger running 'http://localhost:5002/api'
info: 28.05.2023 22:45:08: Listen port: 5002
info: 28.05.2023 22:45:08: Server running 'http://localhost:5002'
info: 28.05.2023 22:45:08: Swagger running 'http://localhost:5002/api'
info: 28.05.2023 22:45:13: Listen port: 5002
info: 28.05.2023 22:45:13: Server running 'http://localhost:5002'
info: 28.05.2023 22:45:13: Swagger running 'http://localhost:5002/api'
info: 28.05.2023 22:45:42: Listen port: 5002
info: 28.05.2023 22:45:42: Server running 'http://localhost:5002'
info: 28.05.2023 22:45:42: Swagger running 'http://localhost:5002/api'
info: 28.05.2023 22:45:46: Listen port: 5002
info: 28.05.2023 22:45:46: Server running 'http://localhost:5002'
info: 28.05.2023 22:45:46: Swagger running 'http://localhost:5002/api'
info: 28.05.2023 22:45:51: Listen port: 5002
info: 28.05.2023 22:45:51: Server running 'http://localhost:5002'
info: 28.05.2023 22:45:51: Swagger running 'http://localhost:5002/api'
info: 28.05.2023 22:46:23: Listen port: 5002
info: 28.05.2023 22:46:23: Server running 'http://localhost:5002'
info: 28.05.2023 22:46:23: Swagger running 'http://localhost:5002/api'
info: 28.05.2023 22:46:55: Listen port: 5002
info: 28.05.2023 22:46:55: Server running 'http://localhost:5002'
info: 28.05.2023 22:46:55: Swagger running 'http://localhost:5002/api'
info: 28.05.2023 22:46:55: Connected with database: raccoon and host: localhost as user: postgres
info: 28.05.2023 22:47:00: Listen port: 5002
info: 28.05.2023 22:47:00: Server running 'http://localhost:5002'
info: 28.05.2023 22:47:00: Swagger running 'http://localhost:5002/api'
info: 28.05.2023 22:47:01: Connected with database: raccoon and host: localhost as user: postgres
info: 28.05.2023 22:47:46: POST /posts: success
info: 28.05.2023 22:48:06: POST /posts: success
info: 28.05.2023 22:48:08: POST /posts: success
info: 28.05.2023 22:48:10: POST /posts: success
info: 28.05.2023 22:49:17: Listen port: 5002
info: 28.05.2023 22:49:17: Server running 'http://localhost:5002'
info: 28.05.2023 22:49:17: Swagger running 'http://localhost:5002/api'
